android/app/build/intermediates/manifest_merge_blame_file/release/manifest-merger-blame-release-report.txt
1<?xml version="1.0" encoding="utf-8"?>
2<manifest xmlns:android="http://schemas.android.com/apk/res/android"
3    package="com.OfferBoat"
4    android:versionCode="3"
5    android:versionName="1.0.0" >
6
7    <uses-sdk
8        android:minSdkVersion="23"
9        android:targetSdkVersion="34" />
10
11    <uses-permission android:name="android.permission.INTERNET" />
11-->src/main/AndroidManifest.xml:5:5-67
11-->src/main/AndroidManifest.xml:5:22-64
12    <uses-permission android:name="android.permission.READ_MEDIA_IMAGES" />
12-->src/main/AndroidManifest.xml:6:5-75
12-->src/main/AndroidManifest.xml:6:22-73
13    <uses-permission android:name="android.permission.CAMERA" />
13-->src/main/AndroidManifest.xml:7:5-64
13-->src/main/AndroidManifest.xml:7:22-62
14
15    <uses-feature
15-->src/main/AndroidManifest.xml:8:5-85
16        android:name="android.hardware.camera"
16-->src/main/AndroidManifest.xml:8:19-57
17        android:required="false" />
17-->src/main/AndroidManifest.xml:8:58-82
18    <uses-feature
18-->src/main/AndroidManifest.xml:9:5-91
19        android:name="android.hardware.camera.front"
19-->src/main/AndroidManifest.xml:9:19-63
20        android:required="false" />
20-->src/main/AndroidManifest.xml:9:64-88
21
22    <uses-permission android:name="android.permission.ACCESS_NETWORK_STATE" />
22-->src/main/AndroidManifest.xml:10:5-79
22-->src/main/AndroidManifest.xml:10:22-76
23
24    <uses-feature
24-->src/main/AndroidManifest.xml:11:5-90
25        android:name="android.hardware.location.gps"
25-->src/main/AndroidManifest.xml:11:19-63
26        android:required="true" />
26-->src/main/AndroidManifest.xml:11:64-87
27    <uses-feature
27-->src/main/AndroidManifest.xml:12:5-94
28        android:name="android.hardware.location.network"
28-->src/main/AndroidManifest.xml:12:19-67
29        android:required="true" />
29-->src/main/AndroidManifest.xml:12:68-91
30
31    <uses-permission android:name="android.permission.POST_NOTIFICATIONS" />
31-->src/main/AndroidManifest.xml:13:5-77
31-->src/main/AndroidManifest.xml:13:22-74
32    <uses-permission android:name="android.permission.WAKE_LOCK" />
32-->[androidx.work:work-runtime:2.8.0] AndroidManifest.xml:23:5-68
32-->[androidx.work:work-runtime:2.8.0] AndroidManifest.xml:23:22-65
33    <uses-permission android:name="android.permission.RECEIVE_BOOT_COMPLETED" />
33-->[androidx.work:work-runtime:2.8.0] AndroidManifest.xml:25:5-81
33-->[androidx.work:work-runtime:2.8.0] AndroidManifest.xml:25:22-78
34    <uses-permission android:name="android.permission.FOREGROUND_SERVICE" /> <!-- See https://developer.android.com/training/package-visibility/declaring for more details. -->
34-->[androidx.work:work-runtime:2.8.0] AndroidManifest.xml:26:5-77
34-->[androidx.work:work-runtime:2.8.0] AndroidManifest.xml:26:22-74
35    <queries>
35-->[com.stripe:payments-core:20.48.6] AndroidManifest.xml:8:5-12:15
36
37        <!-- Added to check if Chrome is installed for browser-based payment authentication (e.g. 3DS1). -->
38        <package android:name="com.android.chrome" />
38-->[com.stripe:payments-core:20.48.6] AndroidManifest.xml:11:9-54
38-->[com.stripe:payments-core:20.48.6] AndroidManifest.xml:11:18-51
39        <!-- Added to check the default browser that will host the AuthFlow. -->
40        <intent>
40-->[com.stripe:financial-connections:20.48.6] AndroidManifest.xml:13:9-17:18
41            <action android:name="android.intent.action.VIEW" />
41-->src/main/AndroidManifest.xml:39:5-57
41-->src/main/AndroidManifest.xml:39:13-54
42
43            <data android:scheme="http" />
43-->src/main/AndroidManifest.xml:42:5-35
43-->src/main/AndroidManifest.xml:42:11-32
44        </intent>
45        <intent>
45-->[:react-native-image-crop-picker] AndroidManifest.xml:8:9-10:18
46            <action android:name="android.media.action.IMAGE_CAPTURE" />
46-->[:react-native-image-crop-picker] AndroidManifest.xml:9:13-73
46-->[:react-native-image-crop-picker] AndroidManifest.xml:9:21-70
47        </intent> <!-- Needs to be explicitly declared on Android R+ -->
48        <package android:name="com.google.android.apps.maps" />
48-->[com.google.android.gms:play-services-maps:18.0.2] AndroidManifest.xml:33:9-64
48-->[com.google.android.gms:play-services-maps:18.0.2] AndroidManifest.xml:33:18-61
49    </queries>
50
51    <uses-permission android:name="android.permission.WRITE_EXTERNAL_STORAGE" />
51-->[:react-native-image-crop-picker] AndroidManifest.xml:13:5-81
51-->[:react-native-image-crop-picker] AndroidManifest.xml:13:22-78
52    <uses-permission android:name="android.permission.READ_EXTERNAL_STORAGE" /> <!-- Required by older versions of Google Play services to create IID tokens -->
53    <uses-permission android:name="com.google.android.c2dm.permission.RECEIVE" />
53-->[com.google.firebase:firebase-messaging:24.0.0] AndroidManifest.xml:26:5-82
53-->[com.google.firebase:firebase-messaging:24.0.0] AndroidManifest.xml:26:22-79
54
55    <uses-feature
55-->[com.google.android.gms:play-services-maps:18.0.2] AndroidManifest.xml:26:5-28:35
56        android:glEsVersion="0x00020000"
56-->[com.google.android.gms:play-services-maps:18.0.2] AndroidManifest.xml:27:9-41
57        android:required="true" />
57-->[com.google.android.gms:play-services-maps:18.0.2] AndroidManifest.xml:28:9-32
58
59    <uses-permission android:name="com.google.android.providers.gsf.permission.READ_GSERVICES" />
59-->[com.google.android.recaptcha:recaptcha:18.4.0] AndroidManifest.xml:9:5-98
59-->[com.google.android.recaptcha:recaptcha:18.4.0] AndroidManifest.xml:9:22-95
60
61    <permission
61-->[androidx.core:core:1.12.0] AndroidManifest.xml:22:5-24:47
62        android:name="com.OfferBoat.DYNAMIC_RECEIVER_NOT_EXPORTED_PERMISSION"
62-->[androidx.core:core:1.12.0] AndroidManifest.xml:23:9-81
63        android:protectionLevel="signature" />
63-->[androidx.core:core:1.12.0] AndroidManifest.xml:24:9-44
64
65    <uses-permission android:name="com.OfferBoat.DYNAMIC_RECEIVER_NOT_EXPORTED_PERMISSION" />
65-->[androidx.core:core:1.12.0] AndroidManifest.xml:26:5-97
65-->[androidx.core:core:1.12.0] AndroidManifest.xml:26:22-94
66    <uses-permission android:name="android.permission.VIBRATE" />
66-->[app.notifee:core:202108261754] AndroidManifest.xml:13:5-66
66-->[app.notifee:core:202108261754] AndroidManifest.xml:13:22-63
67    <uses-permission android:name="android.permission.USE_FULL_SCREEN_INTENT" />
67-->[app.notifee:core:202108261754] AndroidManifest.xml:16:5-81
67-->[app.notifee:core:202108261754] AndroidManifest.xml:16:22-78
68    <uses-permission android:name="android.permission.SCHEDULE_EXACT_ALARM" />
68-->[app.notifee:core:202108261754] AndroidManifest.xml:17:5-79
68-->[app.notifee:core:202108261754] AndroidManifest.xml:17:22-76
69    <uses-permission
69-->[app.notifee:core:202108261754] AndroidManifest.xml:18:5-20:38
70        android:name="android.permission.BROADCAST_CLOSE_SYSTEM_DIALOGS"
70-->[app.notifee:core:202108261754] AndroidManifest.xml:19:9-73
71        android:maxSdkVersion="30" /> <!-- For Xiaomi devices to enable heads-up notifications as default (https://github.com/invertase/notifee/issues/296) -->
71-->[app.notifee:core:202108261754] AndroidManifest.xml:20:9-35
72    <uses-permission
72-->[app.notifee:core:202108261754] AndroidManifest.xml:22:5-24:38
73        android:name="android.permission.ACCESS_NOTIFICATION_POLICY"
73-->[app.notifee:core:202108261754] AndroidManifest.xml:23:9-69
74        android:minSdkVersion="23" />
74-->[app.notifee:core:202108261754] AndroidManifest.xml:24:9-35
75
76    <application
76-->src/main/AndroidManifest.xml:15:5-66:19
77        android:name="com.OfferBoat.MainApplication"
77-->src/main/AndroidManifest.xml:16:7-38
78        android:allowBackup="false"
78-->src/main/AndroidManifest.xml:20:7-34
79        android:appComponentFactory="androidx.core.app.CoreComponentFactory"
79-->[androidx.core:core:1.12.0] AndroidManifest.xml:28:18-86
80        android:extractNativeLibs="false"
81        android:icon="@mipmap/ic_launcher"
81-->src/main/AndroidManifest.xml:18:7-41
82        android:label="@string/app_name"
82-->src/main/AndroidManifest.xml:17:7-39
83        android:roundIcon="@mipmap/ic_launcher_round"
83-->src/main/AndroidManifest.xml:19:7-52
84        android:theme="@style/AppTheme"
84-->src/main/AndroidManifest.xml:22:7-38
85        android:usesCleartextTraffic="true" >
85-->src/main/AndroidManifest.xml:21:7-42
86        <meta-data
86-->src/main/AndroidManifest.xml:23:8-25:63
87            android:name="com.google.android.geo.API_KEY"
87-->src/main/AndroidManifest.xml:24:6-51
88            android:value="AIzaSyDiY4TiK....8nYjMpxxQ3Gxig" />
88-->src/main/AndroidManifest.xml:25:6-61
89
90        <activity
90-->src/main/AndroidManifest.xml:26:7-46:18
91            android:name="com.OfferBoat.MainActivity"
91-->src/main/AndroidManifest.xml:27:9-37
92            android:configChanges="keyboard|keyboardHidden|orientation|screenLayout|screenSize|smallestScreenSize|uiMode"
92-->src/main/AndroidManifest.xml:29:9-118
93            android:exported="true"
93-->src/main/AndroidManifest.xml:33:9-32
94            android:label="@string/app_name"
94-->src/main/AndroidManifest.xml:28:9-41
95            android:launchMode="singleTask"
95-->src/main/AndroidManifest.xml:30:9-40
96            android:screenOrientation="portrait"
96-->src/main/AndroidManifest.xml:32:9-45
97            android:windowSoftInputMode="adjustResize" >
97-->src/main/AndroidManifest.xml:31:9-51
98            <intent-filter android:autoVerify="true" >
98-->src/main/AndroidManifest.xml:34:9-37:25
98-->src/main/AndroidManifest.xml:34:24-49
99                <action android:name="android.intent.action.MAIN" />
99-->src/main/AndroidManifest.xml:35:13-65
99-->src/main/AndroidManifest.xml:35:21-62
100
101                <category android:name="android.intent.category.LAUNCHER" />
101-->src/main/AndroidManifest.xml:36:13-73
101-->src/main/AndroidManifest.xml:36:23-70
102            </intent-filter>
103            <intent-filter android:autoVerify="true" >
103-->src/main/AndroidManifest.xml:38:2-45:17
103-->src/main/AndroidManifest.xml:38:17-42
104                <action android:name="android.intent.action.VIEW" />
104-->src/main/AndroidManifest.xml:39:5-57
104-->src/main/AndroidManifest.xml:39:13-54
105
106                <category android:name="android.intent.category.DEFAULT" />
106-->src/main/AndroidManifest.xml:40:5-64
106-->src/main/AndroidManifest.xml:40:15-61
107                <category android:name="android.intent.category.BROWSABLE" />
107-->src/main/AndroidManifest.xml:41:5-66
107-->src/main/AndroidManifest.xml:41:15-63
108
109                <data android:scheme="http" />
109-->src/main/AndroidManifest.xml:42:5-35
109-->src/main/AndroidManifest.xml:42:11-32
110                <data android:scheme="https" />
110-->src/main/AndroidManifest.xml:42:5-35
110-->src/main/AndroidManifest.xml:42:11-32
111                <data
111-->src/main/AndroidManifest.xml:42:5-35
112                    android:host="www.offerboat.com"
112-->src/main/AndroidManifest.xml:44:11-43
113                    android:pathPrefix="/app/" />
113-->src/main/AndroidManifest.xml:44:44-70
114            </intent-filter>
115        </activity>
116
117        <service
117-->src/main/AndroidManifest.xml:47:6-54:11
118            android:name="io.invertase.firebase.messaging.ReactNativeFirebaseMessagingService"
118-->src/main/AndroidManifest.xml:48:5-87
119            android:exported="true" >
119-->src/main/AndroidManifest.xml:49:5-28
120            <intent-filter>
120-->src/main/AndroidManifest.xml:51:5-53:21
121                <action android:name="com.google.firebase.MESSAGING_EVENT" />
121-->src/main/AndroidManifest.xml:52:9-69
121-->src/main/AndroidManifest.xml:52:17-67
122            </intent-filter>
123        </service>
124
125        <receiver
125-->src/main/AndroidManifest.xml:56:1-64:12
126            android:name="io.invertase.firebase.messaging.ReactNativeFirebaseMessagingReceiver"
126-->src/main/AndroidManifest.xml:57:5-88
127            android:directBootAware="true"
127-->src/main/AndroidManifest.xml:59:5-35
128            android:exported="true"
128-->src/main/AndroidManifest.xml:58:5-28
129            android:permission="com.google.android.c2dm.permission.SEND" >
129-->[:react-native-firebase_messaging] AndroidManifest.xml:26:13-73
130            <intent-filter>
130-->src/main/AndroidManifest.xml:61:5-63:21
131                <action android:name="com.google.firebase.INSTANCE_ID_EVENT" />
131-->src/main/AndroidManifest.xml:62:9-71
131-->src/main/AndroidManifest.xml:62:17-69
132            </intent-filter>
133            <intent-filter>
133-->[:react-native-firebase_messaging] AndroidManifest.xml:27:13-29:29
134                <action android:name="com.google.android.c2dm.intent.RECEIVE" />
134-->[:react-native-firebase_messaging] AndroidManifest.xml:28:17-81
134-->[:react-native-firebase_messaging] AndroidManifest.xml:28:25-78
135            </intent-filter>
136        </receiver>
137
138        <provider
138-->[:notifee_react-native] AndroidManifest.xml:8:9-12:40
139            android:name="io.invertase.notifee.NotifeeInitProvider"
139-->[:notifee_react-native] AndroidManifest.xml:9:13-68
140            android:authorities="com.OfferBoat.notifee-init-provider"
140-->[:notifee_react-native] AndroidManifest.xml:10:13-73
141            android:exported="false"
141-->[:notifee_react-native] AndroidManifest.xml:11:13-37
142            android:initOrder="-100" />
142-->[:notifee_react-native] AndroidManifest.xml:12:13-37
143        <provider
143-->[androidx.work:work-runtime:2.8.0] AndroidManifest.xml:29:9-37:20
144            android:name="androidx.startup.InitializationProvider"
144-->[androidx.work:work-runtime:2.8.0] AndroidManifest.xml:30:13-67
145            android:authorities="com.OfferBoat.androidx-startup"
145-->[androidx.work:work-runtime:2.8.0] AndroidManifest.xml:31:13-68
146            android:exported="false" >
146-->[androidx.work:work-runtime:2.8.0] AndroidManifest.xml:32:13-37
147            <meta-data
147-->[androidx.work:work-runtime:2.8.0] AndroidManifest.xml:34:13-36:52
148                android:name="androidx.work.WorkManagerInitializer"
148-->[androidx.work:work-runtime:2.8.0] AndroidManifest.xml:35:17-68
149                android:value="androidx.startup" />
149-->[androidx.work:work-runtime:2.8.0] AndroidManifest.xml:36:17-49
150            <meta-data
150-->[androidx.emoji2:emoji2:1.3.0] AndroidManifest.xml:29:13-31:52
151                android:name="androidx.emoji2.text.EmojiCompatInitializer"
151-->[androidx.emoji2:emoji2:1.3.0] AndroidManifest.xml:30:17-75
152                android:value="androidx.startup" />
152-->[androidx.emoji2:emoji2:1.3.0] AndroidManifest.xml:31:17-49
153            <meta-data
153-->[androidx.lifecycle:lifecycle-process:2.7.0] AndroidManifest.xml:29:13-31:52
154                android:name="androidx.lifecycle.ProcessLifecycleInitializer"
154-->[androidx.lifecycle:lifecycle-process:2.7.0] AndroidManifest.xml:30:17-78
155                android:value="androidx.startup" />
155-->[androidx.lifecycle:lifecycle-process:2.7.0] AndroidManifest.xml:31:17-49
156            <meta-data
156-->[androidx.profileinstaller:profileinstaller:1.3.0] AndroidManifest.xml:29:13-31:52
157                android:name="androidx.profileinstaller.ProfileInstallerInitializer"
157-->[androidx.profileinstaller:profileinstaller:1.3.0] AndroidManifest.xml:30:17-85
158                android:value="androidx.startup" />
158-->[androidx.profileinstaller:profileinstaller:1.3.0] AndroidManifest.xml:31:17-49
159        </provider>
160
161        <service
161-->[androidx.work:work-runtime:2.8.0] AndroidManifest.xml:39:9-45:35
162            android:name="androidx.work.impl.background.systemalarm.SystemAlarmService"
162-->[androidx.work:work-runtime:2.8.0] AndroidManifest.xml:40:13-88
163            android:directBootAware="false"
163-->[androidx.work:work-runtime:2.8.0] AndroidManifest.xml:41:13-44
164            android:enabled="@bool/enable_system_alarm_service_default"
164-->[androidx.work:work-runtime:2.8.0] AndroidManifest.xml:42:13-72
165            android:exported="false" />
165-->[androidx.work:work-runtime:2.8.0] AndroidManifest.xml:43:13-37
166        <service
166-->[androidx.work:work-runtime:2.8.0] AndroidManifest.xml:46:9-52:35
167            android:name="androidx.work.impl.background.systemjob.SystemJobService"
167-->[androidx.work:work-runtime:2.8.0] AndroidManifest.xml:47:13-84
168            android:directBootAware="false"
168-->[androidx.work:work-runtime:2.8.0] AndroidManifest.xml:48:13-44
169            android:enabled="@bool/enable_system_job_service_default"
169-->[androidx.work:work-runtime:2.8.0] AndroidManifest.xml:49:13-70
170            android:exported="true"
170-->[androidx.work:work-runtime:2.8.0] AndroidManifest.xml:50:13-36
171            android:permission="android.permission.BIND_JOB_SERVICE" />
171-->[androidx.work:work-runtime:2.8.0] AndroidManifest.xml:51:13-69
172        <service
172-->[androidx.work:work-runtime:2.8.0] AndroidManifest.xml:53:9-59:35
173            android:name="androidx.work.impl.foreground.SystemForegroundService"
173-->[androidx.work:work-runtime:2.8.0] AndroidManifest.xml:54:13-81
174            android:directBootAware="false"
174-->[androidx.work:work-runtime:2.8.0] AndroidManifest.xml:55:13-44
175            android:enabled="@bool/enable_system_foreground_service_default"
175-->[androidx.work:work-runtime:2.8.0] AndroidManifest.xml:56:13-77
176            android:exported="false" />
176-->[androidx.work:work-runtime:2.8.0] AndroidManifest.xml:57:13-37
177
178        <receiver
178-->[androidx.work:work-runtime:2.8.0] AndroidManifest.xml:61:9-66:35
179            android:name="androidx.work.impl.utils.ForceStopRunnable$BroadcastReceiver"
179-->[androidx.work:work-runtime:2.8.0] AndroidManifest.xml:62:13-88
180            android:directBootAware="false"
180-->[androidx.work:work-runtime:2.8.0] AndroidManifest.xml:63:13-44
181            android:enabled="true"
181-->[androidx.work:work-runtime:2.8.0] AndroidManifest.xml:64:13-35
182            android:exported="false" />
182-->[androidx.work:work-runtime:2.8.0] AndroidManifest.xml:65:13-37
183        <receiver
183-->[androidx.work:work-runtime:2.8.0] AndroidManifest.xml:67:9-77:20
184            android:name="androidx.work.impl.background.systemalarm.ConstraintProxy$BatteryChargingProxy"
184-->[androidx.work:work-runtime:2.8.0] AndroidManifest.xml:68:13-106
185            android:directBootAware="false"
185-->[androidx.work:work-runtime:2.8.0] AndroidManifest.xml:69:13-44
186            android:enabled="false"
186-->[androidx.work:work-runtime:2.8.0] AndroidManifest.xml:70:13-36
187            android:exported="false" >
187-->[androidx.work:work-runtime:2.8.0] AndroidManifest.xml:71:13-37
188            <intent-filter>
188-->[androidx.work:work-runtime:2.8.0] AndroidManifest.xml:73:13-76:29
189                <action android:name="android.intent.action.ACTION_POWER_CONNECTED" />
189-->[androidx.work:work-runtime:2.8.0] AndroidManifest.xml:74:17-87
189-->[androidx.work:work-runtime:2.8.0] AndroidManifest.xml:74:25-84
190                <action android:name="android.intent.action.ACTION_POWER_DISCONNECTED" />
190-->[androidx.work:work-runtime:2.8.0] AndroidManifest.xml:75:17-90
190-->[androidx.work:work-runtime:2.8.0] AndroidManifest.xml:75:25-87
191            </intent-filter>
192        </receiver>
193        <receiver
193-->[androidx.work:work-runtime:2.8.0] AndroidManifest.xml:78:9-88:20
194            android:name="androidx.work.impl.background.systemalarm.ConstraintProxy$BatteryNotLowProxy"
194-->[androidx.work:work-runtime:2.8.0] AndroidManifest.xml:79:13-104
195            android:directBootAware="false"
195-->[androidx.work:work-runtime:2.8.0] AndroidManifest.xml:80:13-44
196            android:enabled="false"
196-->[androidx.work:work-runtime:2.8.0] AndroidManifest.xml:81:13-36
197            android:exported="false" >
197-->[androidx.work:work-runtime:2.8.0] AndroidManifest.xml:82:13-37
198            <intent-filter>
198-->[androidx.work:work-runtime:2.8.0] AndroidManifest.xml:84:13-87:29
199                <action android:name="android.intent.action.BATTERY_OKAY" />
199-->[androidx.work:work-runtime:2.8.0] AndroidManifest.xml:85:17-77
199-->[androidx.work:work-runtime:2.8.0] AndroidManifest.xml:85:25-74
200                <action android:name="android.intent.action.BATTERY_LOW" />
200-->[androidx.work:work-runtime:2.8.0] AndroidManifest.xml:86:17-76
200-->[androidx.work:work-runtime:2.8.0] AndroidManifest.xml:86:25-73
201            </intent-filter>
202        </receiver>
203        <receiver
203-->[androidx.work:work-runtime:2.8.0] AndroidManifest.xml:89:9-99:20
204            android:name="androidx.work.impl.background.systemalarm.ConstraintProxy$StorageNotLowProxy"
204-->[androidx.work:work-runtime:2.8.0] AndroidManifest.xml:90:13-104
205            android:directBootAware="false"
205-->[androidx.work:work-runtime:2.8.0] AndroidManifest.xml:91:13-44
206            android:enabled="false"
206-->[androidx.work:work-runtime:2.8.0] AndroidManifest.xml:92:13-36
207            android:exported="false" >
207-->[androidx.work:work-runtime:2.8.0] AndroidManifest.xml:93:13-37
208            <intent-filter>
208-->[androidx.work:work-runtime:2.8.0] AndroidManifest.xml:95:13-98:29
209                <action android:name="android.intent.action.DEVICE_STORAGE_LOW" />
209-->[androidx.work:work-runtime:2.8.0] AndroidManifest.xml:96:17-83
209-->[androidx.work:work-runtime:2.8.0] AndroidManifest.xml:96:25-80
210                <action android:name="android.intent.action.DEVICE_STORAGE_OK" />
210-->[androidx.work:work-runtime:2.8.0] AndroidManifest.xml:97:17-82
210-->[androidx.work:work-runtime:2.8.0] AndroidManifest.xml:97:25-79
211            </intent-filter>
212        </receiver>
213        <receiver
213-->[androidx.work:work-runtime:2.8.0] AndroidManifest.xml:100:9-109:20
214            android:name="androidx.work.impl.background.systemalarm.ConstraintProxy$NetworkStateProxy"
214-->[androidx.work:work-runtime:2.8.0] AndroidManifest.xml:101:13-103
215            android:directBootAware="false"
215-->[androidx.work:work-runtime:2.8.0] AndroidManifest.xml:102:13-44
216            android:enabled="false"
216-->[androidx.work:work-runtime:2.8.0] AndroidManifest.xml:103:13-36
217            android:exported="false" >
217-->[androidx.work:work-runtime:2.8.0] AndroidManifest.xml:104:13-37
218            <intent-filter>
218-->[androidx.work:work-runtime:2.8.0] AndroidManifest.xml:106:13-108:29
219                <action android:name="android.net.conn.CONNECTIVITY_CHANGE" />
219-->[androidx.work:work-runtime:2.8.0] AndroidManifest.xml:107:17-79
219-->[androidx.work:work-runtime:2.8.0] AndroidManifest.xml:107:25-76
220            </intent-filter>
221        </receiver>
222        <receiver
222-->[androidx.work:work-runtime:2.8.0] AndroidManifest.xml:110:9-121:20
223            android:name="androidx.work.impl.background.systemalarm.RescheduleReceiver"
223-->[androidx.work:work-runtime:2.8.0] AndroidManifest.xml:111:13-88
224            android:directBootAware="false"
224-->[androidx.work:work-runtime:2.8.0] AndroidManifest.xml:112:13-44
225            android:enabled="false"
225-->[androidx.work:work-runtime:2.8.0] AndroidManifest.xml:113:13-36
226            android:exported="false" >
226-->[androidx.work:work-runtime:2.8.0] AndroidManifest.xml:114:13-37
227            <intent-filter>
227-->[androidx.work:work-runtime:2.8.0] AndroidManifest.xml:116:13-120:29
228                <action android:name="android.intent.action.BOOT_COMPLETED" />
228-->[androidx.work:work-runtime:2.8.0] AndroidManifest.xml:117:17-79
228-->[androidx.work:work-runtime:2.8.0] AndroidManifest.xml:117:25-76
229                <action android:name="android.intent.action.TIME_SET" />
229-->[androidx.work:work-runtime:2.8.0] AndroidManifest.xml:118:17-73
229-->[androidx.work:work-runtime:2.8.0] AndroidManifest.xml:118:25-70
230                <action android:name="android.intent.action.TIMEZONE_CHANGED" />
230-->[androidx.work:work-runtime:2.8.0] AndroidManifest.xml:119:17-81
230-->[androidx.work:work-runtime:2.8.0] AndroidManifest.xml:119:25-78
231            </intent-filter>
232        </receiver>
233        <receiver
233-->[androidx.work:work-runtime:2.8.0] AndroidManifest.xml:122:9-131:20
234            android:name="androidx.work.impl.background.systemalarm.ConstraintProxyUpdateReceiver"
234-->[androidx.work:work-runtime:2.8.0] AndroidManifest.xml:123:13-99
235            android:directBootAware="false"
235-->[androidx.work:work-runtime:2.8.0] AndroidManifest.xml:124:13-44
236            android:enabled="@bool/enable_system_alarm_service_default"
236-->[androidx.work:work-runtime:2.8.0] AndroidManifest.xml:125:13-72
237            android:exported="false" >
237-->[androidx.work:work-runtime:2.8.0] AndroidManifest.xml:126:13-37
238            <intent-filter>
238-->[androidx.work:work-runtime:2.8.0] AndroidManifest.xml:128:13-130:29
239                <action android:name="androidx.work.impl.background.systemalarm.UpdateProxies" />
239-->[androidx.work:work-runtime:2.8.0] AndroidManifest.xml:129:17-98
239-->[androidx.work:work-runtime:2.8.0] AndroidManifest.xml:129:25-95
240            </intent-filter>
241        </receiver>
242        <receiver
242-->[androidx.work:work-runtime:2.8.0] AndroidManifest.xml:132:9-142:20
243            android:name="androidx.work.impl.diagnostics.DiagnosticsReceiver"
243-->[androidx.work:work-runtime:2.8.0] AndroidManifest.xml:133:13-78
244            android:directBootAware="false"
244-->[androidx.work:work-runtime:2.8.0] AndroidManifest.xml:134:13-44
245            android:enabled="true"
245-->[androidx.work:work-runtime:2.8.0] AndroidManifest.xml:135:13-35
246            android:exported="true"
246-->[androidx.work:work-runtime:2.8.0] AndroidManifest.xml:136:13-36
247            android:permission="android.permission.DUMP" >
247-->[androidx.work:work-runtime:2.8.0] AndroidManifest.xml:137:13-57
248            <intent-filter>
248-->[androidx.work:work-runtime:2.8.0] AndroidManifest.xml:139:13-141:29
249                <action android:name="androidx.work.diagnostics.REQUEST_DIAGNOSTICS" />
249-->[androidx.work:work-runtime:2.8.0] AndroidManifest.xml:140:17-88
249-->[androidx.work:work-runtime:2.8.0] AndroidManifest.xml:140:25-85
250            </intent-filter>
251        </receiver>
252
253        <service
253-->[androidx.room:room-runtime:2.5.0] AndroidManifest.xml:24:9-28:63
254            android:name="androidx.room.MultiInstanceInvalidationService"
254-->[androidx.room:room-runtime:2.5.0] AndroidManifest.xml:25:13-74
255            android:directBootAware="true"
255-->[androidx.room:room-runtime:2.5.0] AndroidManifest.xml:26:13-43
256            android:exported="false" />
256-->[androidx.room:room-runtime:2.5.0] AndroidManifest.xml:27:13-37
257
258        <activity
258-->[com.stripe:paymentsheet:20.48.6] AndroidManifest.xml:8:9-11:69
259            android:name="com.stripe.android.paymentsheet.PaymentSheetActivity"
259-->[com.stripe:paymentsheet:20.48.6] AndroidManifest.xml:9:13-80
260            android:exported="false"
260-->[com.stripe:paymentsheet:20.48.6] AndroidManifest.xml:10:13-37
261            android:theme="@style/StripePaymentSheetDefaultTheme" />
261-->[com.stripe:paymentsheet:20.48.6] AndroidManifest.xml:11:13-66
262        <activity
262-->[com.stripe:paymentsheet:20.48.6] AndroidManifest.xml:12:9-15:69
263            android:name="com.stripe.android.paymentsheet.PaymentOptionsActivity"
263-->[com.stripe:paymentsheet:20.48.6] AndroidManifest.xml:13:13-82
264            android:exported="false"
264-->[com.stripe:paymentsheet:20.48.6] AndroidManifest.xml:14:13-37
265            android:theme="@style/StripePaymentSheetDefaultTheme" />
265-->[com.stripe:paymentsheet:20.48.6] AndroidManifest.xml:15:13-66
266        <activity
266-->[com.stripe:paymentsheet:20.48.6] AndroidManifest.xml:16:9-19:69
267            android:name="com.stripe.android.customersheet.CustomerSheetActivity"
267-->[com.stripe:paymentsheet:20.48.6] AndroidManifest.xml:17:13-82
268            android:exported="false"
268-->[com.stripe:paymentsheet:20.48.6] AndroidManifest.xml:18:13-37
269            android:theme="@style/StripePaymentSheetDefaultTheme" />
269-->[com.stripe:paymentsheet:20.48.6] AndroidManifest.xml:19:13-66
270        <activity
270-->[com.stripe:paymentsheet:20.48.6] AndroidManifest.xml:20:9-23:69
271            android:name="com.stripe.android.paymentsheet.addresselement.AddressElementActivity"
271-->[com.stripe:paymentsheet:20.48.6] AndroidManifest.xml:21:13-97
272            android:exported="false"
272-->[com.stripe:paymentsheet:20.48.6] AndroidManifest.xml:22:13-37
273            android:theme="@style/StripePaymentSheetDefaultTheme" />
273-->[com.stripe:paymentsheet:20.48.6] AndroidManifest.xml:23:13-66
274        <activity
274-->[com.stripe:paymentsheet:20.48.6] AndroidManifest.xml:24:9-27:69
275            android:name="com.stripe.android.paymentsheet.paymentdatacollection.bacs.BacsMandateConfirmationActivity"
275-->[com.stripe:paymentsheet:20.48.6] AndroidManifest.xml:25:13-118
276            android:exported="false"
276-->[com.stripe:paymentsheet:20.48.6] AndroidManifest.xml:26:13-37
277            android:theme="@style/StripePaymentSheetDefaultTheme" />
277-->[com.stripe:paymentsheet:20.48.6] AndroidManifest.xml:27:13-66
278        <activity
278-->[com.stripe:paymentsheet:20.48.6] AndroidManifest.xml:28:9-31:69
279            android:name="com.stripe.android.paymentsheet.paymentdatacollection.polling.PollingActivity"
279-->[com.stripe:paymentsheet:20.48.6] AndroidManifest.xml:29:13-105
280            android:exported="false"
280-->[com.stripe:paymentsheet:20.48.6] AndroidManifest.xml:30:13-37
281            android:theme="@style/StripePaymentSheetDefaultTheme" />
281-->[com.stripe:paymentsheet:20.48.6] AndroidManifest.xml:31:13-66